<?xml version="1.0" encoding="UTF-8"?>
<!-- Generated by org.testng.reporters.JUnitReportReporter -->
<testsuite hostname="kavbalas" failures="0" tests="1" name="com.training.sanity.tests.Changepasswordtest" time="82.848" errors="0" timestamp="07 Mar 2019 09:38:28 GMT" skipped="0">
  <testcase classname="com.training.sanity.tests.Changepasswordtest" name="changePass" time="82.848"/>
</testsuite> <!-- com.training.sanity.tests.Changepasswordtest -->
