<?xml version="1.0" encoding="UTF-8"?>
<!-- Generated by org.testng.reporters.JUnitReportReporter -->
<testsuite hostname="kavbalas" failures="0" tests="1" name="com.training.sanity.tests.RETC034test" time="38.637" errors="0" timestamp="20 Mar 2019 09:23:43 GMT" skipped="0">
  <testcase classname="com.training.sanity.tests.RETC034test" name="commercialPropertySearch" time="38.637"/>
</testsuite> <!-- com.training.sanity.tests.RETC034test -->
