<?xml version="1.0" encoding="UTF-8"?>
<!-- Generated by org.testng.reporters.JUnitReportReporter -->
<testsuite hostname="kavbalas" failures="0" tests="1" name="com.training.sanity.tests.RETC032test" time="40.071" errors="0" timestamp="20 Mar 2019 10:38:12 GMT" skipped="0">
  <testcase classname="com.training.sanity.tests.RETC032test" name="customerEnquiry" time="40.071"/>
</testsuite> <!-- com.training.sanity.tests.RETC032test -->
