<?xml version="1.0" encoding="UTF-8"?>
<!-- Generated by org.testng.reporters.JUnitReportReporter -->
<testsuite hostname="kavbalas" failures="0" tests="1" name="com.training.sanity.tests.userlogintest" time="27.517" errors="0" timestamp="07 Mar 2019 09:27:50 GMT" skipped="0">
  <testcase classname="com.training.sanity.tests.userlogintest" name="validateUserlogin" time="27.517"/>
</testsuite> <!-- com.training.sanity.tests.userlogintest -->
