<?xml version="1.0" encoding="UTF-8"?>
<!-- Generated by org.testng.reporters.JUnitReportReporter -->
<testsuite hostname="kavbalas" failures="0" tests="1" name="com.training.sanity.tests.RETC004test" time="58.317" errors="0" timestamp="11 Mar 2019 15:44:53 GMT" skipped="0">
  <testcase classname="com.training.sanity.tests.RETC004test" name="updateProfile" time="58.317"/>
</testsuite> <!-- com.training.sanity.tests.RETC004test -->
