<?xml version="1.0" encoding="UTF-8"?>
<!-- Generated by org.testng.reporters.JUnitReportReporter -->
<testsuite hostname="kavbalas" failures="0" tests="1" name="com.training.sanity.tests.RETC035test" time="52.853" errors="0" timestamp="20 Mar 2019 09:16:22 GMT" skipped="0">
  <testcase classname="com.training.sanity.tests.RETC035test" name="viewAddedUsers" time="52.853"/>
</testsuite> <!-- com.training.sanity.tests.RETC035test -->
