<?xml version="1.0" encoding="UTF-8"?>
<!-- Generated by org.testng.reporters.JUnitReportReporter -->
<testsuite hostname="kavbalas" failures="0" tests="1" name="com.training.sanity.tests.RETC033test" time="50.471" errors="0" timestamp="20 Mar 2019 09:28:47 GMT" skipped="0">
  <testcase classname="com.training.sanity.tests.RETC033test" name="validateAllProp" time="50.471"/>
</testsuite> <!-- com.training.sanity.tests.RETC033test -->
