<?xml version="1.0" encoding="UTF-8"?>
<!-- Generated by org.testng.reporters.JUnitReportReporter -->
<testsuite hostname="kavbalas" failures="0" tests="1" name="com.training.sanity.tests.RETC031test" time="55.977" errors="0" timestamp="20 Mar 2019 10:12:10 GMT" skipped="0">
  <testcase classname="com.training.sanity.tests.RETC031test" name="addNewProperty" time="55.977"/>
</testsuite> <!-- com.training.sanity.tests.RETC031test -->
