<?xml version="1.0" encoding="UTF-8"?>
<!-- Generated by org.testng.reporters.JUnitReportReporter -->
<testsuite hostname="kavbalas" failures="0" tests="1" name="com.training.sanity.tests.Myprofiletest" time="34.909" errors="0" timestamp="07 Mar 2019 09:30:51 GMT" skipped="0">
  <testcase classname="com.training.sanity.tests.Myprofiletest" name="updateProfile" time="34.909"/>
</testsuite> <!-- com.training.sanity.tests.Myprofiletest -->
